<?xml version="1.0" encoding="UTF-8"?>
<testng-results skipped="0" failed="0" ignored="0" total="1" passed="1">
  <reporter-output>
  </reporter-output>
  <suite name="Default suite" duration-ms="37037" started-at="2018-03-10T10:38:36Z" finished-at="2018-03-10T10:39:13Z">
    <groups>
    </groups>
    <test name="Default test" duration-ms="37037" started-at="2018-03-10T10:38:36Z" finished-at="2018-03-10T10:39:13Z">
      <class name="com.automationpractice.womenpage.TC005_VerifyingNavigationsMenu">
        <test-method status="PASS" signature="setUp()[pri:0, instance:com.automationpractice.womenpage.TC005_VerifyingNavigationsMenu@10ab905]" name="setUp" is-config="true" duration-ms="31238" started-at="2018-03-10T16:08:36Z" finished-at="2018-03-10T16:09:07Z">
          <reporter-output>
          </reporter-output>
        </test-method> <!-- setUp -->
        <test-method status="PASS" signature="navigationmenu()[pri:0, instance:com.automationpractice.womenpage.TC005_VerifyingNavigationsMenu@10ab905]" name="navigationmenu" duration-ms="5637" started-at="2018-03-10T16:09:07Z" finished-at="2018-03-10T16:09:13Z">
          <reporter-output>
          </reporter-output>
        </test-method> <!-- navigationmenu -->
        <test-method status="PASS" signature="close()[pri:0, instance:com.automationpractice.womenpage.TC005_VerifyingNavigationsMenu@10ab905]" name="close" is-config="true" duration-ms="136" started-at="2018-03-10T16:09:13Z" finished-at="2018-03-10T16:09:13Z">
          <reporter-output>
          </reporter-output>
        </test-method> <!-- close -->
      </class> <!-- com.automationpractice.womenpage.TC005_VerifyingNavigationsMenu -->
    </test> <!-- Default test -->
  </suite> <!-- Default suite -->
</testng-results>
