<?xml version="1.0" encoding="UTF-8"?>
<!-- Generated by org.testng.reporters.JUnitXMLReporter -->
<testsuite hostname="INLGYTKLH2" ignored="0" name="TC003_VerifyingRegistrationPage" tests="3" failures="0" timestamp="08 Mar 2018 11:10:49 GMT" time="27.011" errors="0">
  <testcase name="verifyingLoginpageInvalidCredentials" time="5.063" classname="com.automationpractice.homepage.TC001_verifyingLoginpageInvalidCredentials"/>
  <testcase name="verifyingaccountcreation" time="0.259" classname="com.automationpractice.homepage.TC002_Verifyingwhetheremailidcreatedornot"/>
  <testcase name="VerifyinguserRegistration" time="6.286" classname="com.automationpractice.homepage.TC003_VerifyingRegistrationPage"/>
</testsuite> <!-- TC003_VerifyingRegistrationPage -->
